<?xml version="1.0" encoding="UTF-8"?>
<!-- Generated by org.testng.reporters.JUnitReportReporter -->
<testsuite hostname="DESKTOP-0TEEMMN" failures="0" tests="1" name="testCases.TC002_AccountLoginTest" time="1.375" errors="0" timestamp="2024-09-04T11:14:46 IST" skipped="0">
  <testcase classname="testCases.TC002_AccountLoginTest" name="veryfy_Login" time="1.375"/>
</testsuite> <!-- testCases.TC002_AccountLoginTest -->
