<?xml version="1.0" encoding="UTF-8"?>
<!-- Generated by org.testng.reporters.JUnitReportReporter -->
<testsuite hostname="DESKTOP-0TEEMMN" failures="0" tests="1" name="testCases.TC001_AccountRegistrationTest" time="2.122" errors="0" timestamp="2024-09-04T11:14:46 IST" skipped="0">
  <testcase classname="testCases.TC001_AccountRegistrationTest" name="verify_account_registration" time="2.122"/>
</testsuite> <!-- testCases.TC001_AccountRegistrationTest -->
